1724583544675:init
1724584506923:add
1724584524497:seeAll
1724584552737:add
1724584561753:seeAll
1724584564266:add
1724584573605:seeAll
1724584579528:add
1724584589365:seeAll
1724584728389:add
1724584754007:seeAll
1724584794140:add
1724584822575:seeAll
1724584848604:add
1724584866254:seeAll
1724584900253:add
1724584914686:seeAll
1724585262375:add
1724585286560:seeAll
1724585288862:rm
1724585295236:seeAll
1724585323580:add
1724585348628:seeAll
1724585350629:rm
1724585357318:add
1724585366093:seeAll
1724585649993:add
1724585671823:seeAll
1724585679357:rm
1724585684758:rm -a
1724585687988:seeAll
1724585723826:add
1724585744766:seeAll
1724585748163:rm
1724585753726:rm - a
1724585756520:rm -a
1724585761253:seeAll
1724585808003:add
1724585810781:a
1724585811962:add
1724585816863:seeAll
1724585819402:rm -a
1724585822495:seeAll
1724586239826:seeAkk
1724586242467:seeAll
1724586245133:rm -a
