1724594083545:add
1724594112251:seeAll
1724594117687:rm
1724594123502:seeAll
1724594129998:add
1724594141321:seeAll
1724594152918:rm -a
1724594155944:seeAll
1724598806766:add
1724598827095:seeAll
1724598831546:rm
1724598835583:add
1724598846102:seeAll
1724598848682:rm -a
1724598851110:seeAll
1724615868798:add
1724615879052:see -A
1724615881604:see -a
1724615884557:add
1724615904901:see -a
1724615906932:rm
1724615911925:rm -a
1724615914426:see -a
1724615983821:add
1724616722268:see -a
1724616725151:rm
1724616728812:see -a
1724786317703:add
1724786334562:see -a
1724786338106:rm
1724786342300:see -a
1724786345168:add
1724786371289:see -a
1724786373453:rm -a
1724786376803:see -a
1724829706790:add
1724829784510:rm
1724832350956:add
1724832394654:see -a
